[setup] Setting up 15 bots
[setup] Faucet calls per bot: 5
[setup] Approve amount: 100000000000
[setup] Canister ID: ilyol-uqaaa-aaaai-q34kq-cai
[setup] Token ledger: 3jkp5-oyaaa-aaaaj-azwqa-cai
[setup] Faucet canister: nqoci-rqaaa-aaaap-qp53q-cai
[setup] Loading admin identity...
[setup] Admin principal: feh5k-2fozc-ujrsf-otek5-pcla7-rmdtc-gwhmo-r2kct-iwtqr-xxzei-cae
[setup] Creating admin client...
[setup] 
━━━ bot-1 (1/15) ━━━
[setup]   Principal: cn2hj-rq2h3-i7usn-aphjw-2flba-5vzgo-nnksb-5gqxa-ttcog-dyu3m-cae
[setup]   Faucet call 1/5...
[setup]   Faucet call 2/5...
[setup]   Faucet call 3/5...
[setup]   Faucet call 4/5...
[setup]   Faucet call 5/5...
[setup]   Funded: 5/5 calls succeeded
[setup]   Approving tokens for canister ilyol-uqaaa-aaaai-q34kq-cai...
[setup]   ✓ Approved 100000000000 tokens
[setup]   Creating API key...
[setup]   ✓ API key created (cb69e3256406b5d6d7f5...)
[setup]   ✓ bot-1 setup complete
[setup] 
━━━ bot-2 (2/15) ━━━
[setup]   Principal: y7iym-edyyb-rwdhk-i5ww5-p5f5j-kekga-nvd76-utvdh-eonl5-oxiwe-tae
[setup]   Faucet call 1/5...
[setup]   Faucet call 2/5...
[setup]   Faucet call 3/5...
[setup]   Faucet call 4/5...
[setup]   Faucet call 5/5...
[setup]   Funded: 5/5 calls succeeded
[setup]   Approving tokens for canister ilyol-uqaaa-aaaai-q34kq-cai...
[setup]   ✓ Approved 100000000000 tokens
[setup]   Creating API key...
[setup]   ✓ API key created (52e2525fbf6d7c87df18...)
[setup]   ✓ bot-2 setup complete
[setup] 
━━━ bot-3 (3/15) ━━━
[setup]   Principal: ml3du-ohoub-pcj5m-alu7l-4q2g7-643wy-dfbkv-icaaz-b6bum-xwaf6-7ae
[setup]   Faucet call 1/5...
[setup]   Faucet call 2/5...
[setup]   Faucet call 3/5...
[setup]   Faucet call 4/5...
[setup]   Faucet call 5/5...
[setup]   Funded: 5/5 calls succeeded
[setup]   Approving tokens for canister ilyol-uqaaa-aaaai-q34kq-cai...
[setup]   ✓ Approved 100000000000 tokens
[setup]   Creating API key...
[setup]   ✓ API key created (037111f6b780e2037483...)
[setup]   ✓ bot-3 setup complete
[setup] 
━━━ bot-4 (4/15) ━━━
[setup]   Principal: bhoag-i35rl-sspwc-vrmit-lca7j-sdnlo-etf2k-7g5ux-negl6-jrdbm-eqe
[setup]   Faucet call 1/5...
[setup]   Faucet call 2/5...
[setup]   Faucet call 3/5...
[setup]   Faucet call 4/5...
[setup]   Faucet call 5/5...
[setup]   Funded: 5/5 calls succeeded
[setup]   Approving tokens for canister ilyol-uqaaa-aaaai-q34kq-cai...
[setup]   ✓ Approved 100000000000 tokens
[setup]   Creating API key...
[setup]   ✓ API key created (73263587673b149741c6...)
[setup]   ✓ bot-4 setup complete
[setup] 
━━━ bot-5 (5/15) ━━━
[setup]   Principal: yxxhl-zu2bf-praev-tpwvb-annpt-goxcl-uafzb-dpzwy-3xvpu-hbltm-jqe
[setup]   Faucet call 1/5...
[setup]   Faucet call 2/5...
[setup]   Faucet call 3/5...
[setup]   Faucet call 4/5...
[setup]   Faucet call 5/5...
[setup]   Funded: 5/5 calls succeeded
[setup]   Approving tokens for canister ilyol-uqaaa-aaaai-q34kq-cai...
[setup]   ✓ Approved 100000000000 tokens
[setup]   Creating API key...
[setup]   ✓ API key created (ddd6903920278f4698ea...)
[setup]   ✓ bot-5 setup complete
[setup] 
━━━ bot-6 (6/15) ━━━
[setup]   Principal: yxgcm-5peal-xtgh7-seqxx-xzbdq-o65if-c35e5-6slij-zoh5p-py2ll-5qe
[setup]   Faucet call 1/5...
[setup]   Faucet call 2/5...
[setup]   Faucet call 3/5...
[setup]   Faucet call 4/5...
[setup]   Faucet call 5/5...
[setup]   Funded: 5/5 calls succeeded
[setup]   Approving tokens for canister ilyol-uqaaa-aaaai-q34kq-cai...
[setup]   ✓ Approved 100000000000 tokens
[setup]   Creating API key...
[setup]   ✓ API key created (7769b496318d61e3ea9b...)
[setup]   ✓ bot-6 setup complete
[setup] 
━━━ bot-7 (7/15) ━━━
[setup]   Principal: d72ox-4n7p6-mxve2-nq43q-ztiyb-t6wqo-nmtk7-kb52n-542ix-4iuxp-rqe
[setup]   Faucet call 1/5...
[setup]   Faucet call 2/5...
[setup]   Faucet call 3/5...
[setup]   Faucet call 4/5...
[setup]   Faucet call 5/5...
[setup]   Funded: 5/5 calls succeeded
[setup]   Approving tokens for canister ilyol-uqaaa-aaaai-q34kq-cai...
[setup]   ✓ Approved 100000000000 tokens
[setup]   Creating API key...
[setup]   ✓ API key created (aab021429719f8732897...)
[setup]   ✓ bot-7 setup complete
[setup] 
━━━ bot-8 (8/15) ━━━
[setup]   Principal: irmss-ptzxt-wsbam-gwqso-63zr2-wblvi-sgrye-d65fb-rrfpm-alaph-qae
[setup]   Faucet call 1/5...
[setup]   Faucet call 2/5...
[setup]   Faucet call 3/5...
[setup]   Faucet call 4/5...
[setup]   Faucet call 5/5...
[setup]   Funded: 5/5 calls succeeded
[setup]   Approving tokens for canister ilyol-uqaaa-aaaai-q34kq-cai...
[setup]   ✓ Approved 100000000000 tokens
[setup]   Creating API key...
[setup]   ✓ API key created (990fda42165ccee417bc...)
[setup]   ✓ bot-8 setup complete
[setup] 
━━━ bot-9 (9/15) ━━━
[setup]   Principal: nfqnr-77png-zgyez-vtgty-w3qlv-ynq3g-a5ztk-eb5tg-6oh6u-vxqco-uae
[setup]   Faucet call 1/5...
[setup]   Faucet call 2/5...
[setup]   Faucet call 3/5...
[setup]   Faucet call 4/5...
[setup]   Faucet call 5/5...
[setup]   Funded: 5/5 calls succeeded
[setup]   Approving tokens for canister ilyol-uqaaa-aaaai-q34kq-cai...
[setup]   ✓ Approved 100000000000 tokens
[setup]   Creating API key...
[setup]   ✓ API key created (1c8622af467218779ea3...)
[setup]   ✓ bot-9 setup complete
[setup] 
━━━ bot-10 (10/15) ━━━
[setup]   Principal: hksy3-h5hkw-tmaj6-23kua-pwmrm-ukuzh-skiea-rbzqp-ohjql-3ne6m-7ae
[setup]   Faucet call 1/5...
[setup]   Faucet call 2/5...
[setup]   Faucet call 3/5...
[setup]   Faucet call 4/5...
[setup]   Faucet call 5/5...
[setup]   Funded: 5/5 calls succeeded
[setup]   Approving tokens for canister ilyol-uqaaa-aaaai-q34kq-cai...
[setup]   ✓ Approved 100000000000 tokens
[setup]   Creating API key...
[setup]   ✓ API key created (c65c20b6f50dc37a0450...)
[setup]   ✓ bot-10 setup complete
[setup] 
━━━ bot-11 (11/15) ━━━
[setup]   Principal: vdkdm-bbrb4-dbozy-bkfok-z2wgv-2xgnu-26h3e-qckk5-faxbz-jofd4-nqe
[setup]   Faucet call 1/5...
[setup]   Faucet call 2/5...
[setup]   Faucet call 3/5...
[setup]   Faucet call 4/5...
[setup]   Faucet call 5/5...
[setup]   Funded: 5/5 calls succeeded
[setup]   Approving tokens for canister ilyol-uqaaa-aaaai-q34kq-cai...
[setup]   ✓ Approved 100000000000 tokens
[setup]   Creating API key...
[setup]   ✓ API key created (7c3dabfa2b92114af4ce...)
[setup]   ✓ bot-11 setup complete
[setup] 
━━━ bot-12 (12/15) ━━━
[setup]   Principal: lunww-ilfke-jt5ad-fycht-of3cl-qfmo5-2mm6v-e3cii-jneai-2xs7m-xqe
[setup]   Faucet call 1/5...
[setup]   Faucet call 2/5...
[setup]   Faucet call 3/5...
[setup]   Faucet call 4/5...
[setup]   Faucet call 5/5...
[setup]   Funded: 5/5 calls succeeded
[setup]   Approving tokens for canister ilyol-uqaaa-aaaai-q34kq-cai...
[setup]   ✓ Approved 100000000000 tokens
[setup]   Creating API key...
[setup]   ✓ API key created (d0265804f9adf1f05b8f...)
[setup]   ✓ bot-12 setup complete
[setup] 
━━━ bot-13 (13/15) ━━━
[setup]   Principal: sfqwu-5pcrk-xwwsh-ewjk3-pvo2e-7vhv2-dcjjv-d4awx-ofxry-65b7j-bqe
[setup]   Faucet call 1/5...
[setup]   Faucet call 2/5...
[setup]   Faucet call 3/5...
[setup]   Faucet call 4/5...
[setup]   Faucet call 5/5...
[setup]   Funded: 5/5 calls succeeded
[setup]   Approving tokens for canister ilyol-uqaaa-aaaai-q34kq-cai...
[setup]   ✓ Approved 100000000000 tokens
[setup]   Creating API key...
[setup]   ✓ API key created (f05f8abace3c9fdd1d98...)
[setup]   ✓ bot-13 setup complete
[setup] 
━━━ bot-14 (14/15) ━━━
[setup]   Principal: di7sg-w262g-4malv-fgamo-b2mhf-5564p-cbvpd-dkjtu-fs27t-fxiyj-jqe
[setup]   Faucet call 1/5...
[setup]   Faucet call 2/5...
[setup]   Faucet call 3/5...
[setup]   Faucet call 4/5...
[setup]   Faucet call 5/5...
[setup]   Funded: 5/5 calls succeeded
[setup]   Approving tokens for canister ilyol-uqaaa-aaaai-q34kq-cai...
[setup]   ✓ Approved 100000000000 tokens
[setup]   Creating API key...
[setup]   ✓ API key created (cae9e4eface0d5ec5b9d...)
[setup]   ✓ bot-14 setup complete
[setup] 
━━━ bot-15 (15/15) ━━━
[setup]   Principal: 6uk34-slhfo-k5rjm-3haig-6ywsc-o2r3j-tdqdy-lvndp-jrcmn-szorw-oae
[setup]   Faucet call 1/5...
[setup]   Faucet call 2/5...
[setup]   Faucet call 3/5...
[setup]   Faucet call 4/5...
[setup]   Faucet call 5/5...
[setup]   Funded: 5/5 calls succeeded
[setup]   Approving tokens for canister ilyol-uqaaa-aaaai-q34kq-cai...
[setup]   ✓ Approved 100000000000 tokens
[setup]   Creating API key...
[setup]   ✓ API key created (33fe71cca35456832fe1...)
[setup]   ✓ bot-15 setup complete
[setup] 
━━━ Setup complete: 15/15 bots created ━━━
